<?xml version="1.0" encoding="UTF-8"?>
<!-- Generated by org.testng.reporters.JUnitReportReporter -->
<testsuite hostname="DEV-PC" failures="0" tests="1" name="JavaProject.DateTests" time="0.068" errors="0" timestamp="2024-07-16T13:18:14 IST" skipped="0">
  <testcase classname="JavaProject.DateTests" name="dateDifference" time="0.068"/>
  <system-out/>
</testsuite> <!-- JavaProject.DateTests -->
